0 info it worked if it ends with ok
1 verbose cli [ '/home/guillaume/.nvm/versions/node/v4.4.7/bin/node',
1 verbose cli   '/home/guillaume/.nvm/versions/node/v4.4.7/bin/npm',
1 verbose cli   'version',
1 verbose cli   '0.1.2' ]
2 info using npm@2.15.8
3 info using node@v4.4.7
4 info git [ 'status', '--porcelain' ]
5 verbose stack Error: Git working directory not clean.
5 verbose stack M readme.md
5 verbose stack     at /home/guillaume/.nvm/versions/node/v4.4.7/lib/node_modules/npm/lib/version.js:171:21
5 verbose stack     at ChildProcess.exithandler (child_process.js:204:7)
5 verbose stack     at emitTwo (events.js:87:13)
5 verbose stack     at ChildProcess.emit (events.js:172:7)
5 verbose stack     at maybeClose (internal/child_process.js:827:16)
5 verbose stack     at Socket.<anonymous> (internal/child_process.js:319:11)
5 verbose stack     at emitOne (events.js:77:13)
5 verbose stack     at Socket.emit (events.js:169:7)
5 verbose stack     at Pipe._onclose (net.js:486:12)
6 verbose cwd /home/guillaume/workspace/github/karma-ievms-launcher
7 error Linux 4.4.0-38-generic
8 error argv "/home/guillaume/.nvm/versions/node/v4.4.7/bin/node" "/home/guillaume/.nvm/versions/node/v4.4.7/bin/npm" "version" "0.1.2"
9 error node v4.4.7
10 error npm  v2.15.8
11 error Git working directory not clean.
11 error M readme.md
12 error If you need help, you may report this error at:
12 error     <https://github.com/npm/npm/issues>
13 verbose exit [ 1, true ]
